TN:
SF:src\screens\CheckoutScreen.tsx
FN:16,CheckoutScreen
FN:38,(anonymous_1)
FN:44,(anonymous_2)
FN:130,(anonymous_3)
FN:158,(anonymous_4)
FNF:5
FNH:0
FNDA:0,CheckoutScreen
FNDA:0,(anonymous_1)
FNDA:0,(anonymous_2)
FNDA:0,(anonymous_3)
FNDA:0,(anonymous_4)
DA:14,0
DA:17,0
DA:20,0
DA:21,0
DA:22,0
DA:25,0
DA:26,0
DA:29,0
DA:30,0
DA:31,0
DA:32,0
DA:33,0
DA:35,0
DA:38,0
DA:39,0
DA:40,0
DA:41,0
DA:44,0
DA:45,0
DA:46,0
DA:47,0
DA:50,0
DA:52,0
DA:54,0
DA:66,0
DA:69,0
DA:85,0
DA:88,0
DA:89,0
DA:90,0
DA:91,0
DA:96,0
DA:100,0
DA:101,0
DA:102,0
DA:103,0
DA:108,0
DA:112,0
DA:130,0
DA:158,0
DA:173,0
LF:41
LH:0
BRDA:39,0,0,0
BRDA:39,0,1,0
BRDA:40,1,0,0
BRDA:40,1,1,0
BRDA:45,2,0,0
BRDA:45,2,1,0
BRDA:45,3,0,0
BRDA:45,3,1,0
BRDA:45,3,2,0
BRDA:45,3,3,0
BRDA:88,4,0,0
BRDA:88,4,1,0
BRDA:96,5,0,0
BRDA:96,5,1,0
BRDA:100,6,0,0
BRDA:100,6,1,0
BRDA:101,7,0,0
BRDA:101,7,1,0
BRDA:105,8,0,0
BRDA:105,8,1,0
BRDA:143,9,0,0
BRDA:143,9,1,0
BRDA:154,10,0,0
BRDA:154,10,1,0
BRF:24
BRH:0
end_of_record
TN:
SF:src\screens\HomeScreen.tsx
FN:21,HomeScreen
FN:22,(anonymous_1)
FN:26,(anonymous_2)
FN:41,(anonymous_3)
FNF:4
FNH:0
FNDA:0,HomeScreen
FNDA:0,(anonymous_1)
FNDA:0,(anonymous_2)
FNDA:0,(anonymous_3)
DA:11,0
DA:22,0
DA:23,0
DA:26,0
DA:36,0
DA:41,0
DA:49,0
LF:7
LH:0
BRF:0
BRH:0
end_of_record
TN:
SF:src\screens\PaymentStatusScreen.tsx
FN:14,PaymentStatusScreen
FN:18,(anonymous_1)
FN:48,(anonymous_2)
FNF:3
FNH:0
FNDA:0,PaymentStatusScreen
FNDA:0,(anonymous_1)
FNDA:0,(anonymous_2)
DA:15,0
DA:18,0
DA:20,0
DA:48,0
DA:56,0
LF:5
LH:0
BRDA:23,0,0,0
BRDA:23,0,1,0
BRDA:26,1,0,0
BRDA:26,1,1,0
BRDA:28,2,0,0
BRDA:28,2,1,0
BRDA:28,3,0,0
BRDA:28,3,1,0
BRDA:34,4,0,0
BRDA:34,4,1,0
BRDA:38,5,0,0
BRDA:38,5,1,0
BRDA:38,5,2,0
BRF:13
BRH:0
end_of_record
TN:
SF:src\screens\SelectProductScreen.tsx
FN:19,SelectProductScreen
FN:34,(anonymous_1)
FNF:2
FNH:0
FNDA:0,SelectProductScreen
FNDA:0,(anonymous_1)
DA:11,0
DA:20,0
DA:34,0
DA:43,0
LF:4
LH:0
BRF:0
BRH:0
end_of_record
TN:
SF:src\screens\SplashScreen.tsx
FN:10,SplashScreen
FN:13,(anonymous_1)
FN:20,(anonymous_2)
FN:24,(anonymous_3)
FNF:4
FNH:0
FNDA:0,SplashScreen
FNDA:0,(anonymous_1)
FNDA:0,(anonymous_2)
FNDA:0,(anonymous_3)
DA:11,0
DA:13,0
DA:14,0
DA:20,0
DA:21,0
DA:24,0
DA:27,0
DA:37,0
LF:8
LH:0
BRF:0
BRH:0
end_of_record
TN:
SF:src\store\index.ts
FNF:0
FNH:0
DA:4,0
LF:1
LH:0
BRF:0
BRH:0
end_of_record
TN:
SF:src\store\slices\transactionSlice.ts
FN:16,(anonymous_0)
FN:19,(anonymous_1)
FN:28,(anonymous_2)
FN:28,(anonymous_3)
FNF:4
FNH:2
FNDA:1,(anonymous_0)
FNDA:1,(anonymous_1)
FNDA:0,(anonymous_2)
FNDA:0,(anonymous_3)
DA:8,1
DA:12,1
DA:17,1
DA:20,1
DA:25,1
DA:28,1
DA:29,0
DA:30,0
DA:31,0
DA:33,0
LF:10
LH:6
BRF:0
BRH:0
end_of_record
